1651397854701	geckodriver	INFO	Listening on 127.0.0.1:49842
1651397857765	mozrunner::runner	INFO	Running command: "C:\\Program Files\\Mozilla Firefox\\firefox.exe" "--marionette" "-no-remote" "-profile" "C:\\Users\\AZNAVO~1.K\\AppData\\Local\\Temp\\rust_mozprofileXXAkwq"
1651397858042	Marionette	INFO	Marionette enabled
console.warn: SearchSettings: "get: No settings file exists, new profile?" (new NotFoundError("Could not open the file at C:\\Users\\AZNAVO~1.K\\AppData\\Local\\Temp\\rust_mozprofileXXAkwq\\search.json.mozlz4", (void 0)))
1651397859631	Marionette	INFO	Listening on port 49865
Read port: 49865
1651397859751	RemoteAgent	WARN	TLS certificate errors will be ignored for this session
console.warn: LoginRecipes: "getRecipes: falling back to a synchronous message for:" "https://www.skroutz.gr"
JavaScript error: https://www.skroutz.gr/assets/webpack/vendors~skr_load~stimulus-390b7985e04730cddfd57cbac58c8105.js, line 2: Error: Request aborted
1651397889225	Marionette	INFO	Stopped listening on port 49865
1651397925925	geckodriver	INFO	Listening on 127.0.0.1:50125
1651397929008	mozrunner::runner	INFO	Running command: "C:\\Program Files\\Mozilla Firefox\\firefox.exe" "--marionette" "-no-remote" "-profile" "C:\\Users\\AZNAVO~1.K\\AppData\\Local\\Temp\\rust_mozprofileRQ9nbn"
1651397929284	Marionette	INFO	Marionette enabled
console.warn: SearchSettings: "get: No settings file exists, new profile?" (new NotFoundError("Could not open the file at C:\\Users\\AZNAVO~1.K\\AppData\\Local\\Temp\\rust_mozprofileRQ9nbn\\search.json.mozlz4", (void 0)))
1651397930825	Marionette	INFO	Listening on port 50147
Read port: 50147
1651397930898	RemoteAgent	WARN	TLS certificate errors will be ignored for this session
console.warn: LoginRecipes: "getRecipes: falling back to a synchronous message for:" "https://www.skroutz.gr"
JavaScript error: https://www.skroutz.gr/assets/webpack/vendors~skr_load~stimulus-390b7985e04730cddfd57cbac58c8105.js, line 2: Error: Request aborted
console.error: services.settings: 
  main/doh-providers Signature failed  InvalidSignatureError: Invalid content signature (main/doh-providers)
console.error: services.settings: 
  main/doh-providers local data was corrupted
console.warn: services.settings: main/doh-providers Signature verified failed. Retry from scratch
console.error: services.settings: 
  main/doh-config Signature failed  InvalidSignatureError: Invalid content signature (main/doh-config)
console.error: services.settings: 
  main/doh-config local data was corrupted
console.warn: services.settings: main/doh-config Signature verified failed. Retry from scratch
console.error: services.settings: 
  main/search-config Signature failed  InvalidSignatureError: Invalid content signature (main/search-config)
console.error: services.settings: 
  main/search-config local data was corrupted
console.warn: services.settings: main/search-config Signature verified failed. Retry from scratch
1651398391539	Marionette	INFO	Stopped listening on port 50147

###!!! [Child][PContentChild] Error: RunMessage(msgname=PContent::Msg_DestroyBrowsingContextGroup) Channel closing: too late to send/recv, messages will be lost


###!!! [Parent][PGPUParent] Error: RunMessage(msgname=PGPU::Msg_ShutdownVR) Channel closing: too late to send/recv, messages will be lost

1651398558050	geckodriver	INFO	Listening on 127.0.0.1:62321
1651398561105	mozrunner::runner	INFO	Running command: "C:\\Program Files\\Mozilla Firefox\\firefox.exe" "--marionette" "-no-remote" "-profile" "C:\\Users\\AZNAVO~1.K\\AppData\\Local\\Temp\\rust_mozprofileBAiS8U"
1651398561351	Marionette	INFO	Marionette enabled
console.warn: SearchSettings: "get: No settings file exists, new profile?" (new NotFoundError("Could not open the file at C:\\Users\\AZNAVO~1.K\\AppData\\Local\\Temp\\rust_mozprofileBAiS8U\\search.json.mozlz4", (void 0)))
1651398562873	Marionette	INFO	Listening on port 62343
Read port: 62343
1651398562992	RemoteAgent	WARN	TLS certificate errors will be ignored for this session
console.warn: LoginRecipes: "getRecipes: falling back to a synchronous message for:" "https://www.skroutz.gr"
JavaScript error: https://www.skroutz.gr/assets/webpack/vendors~skr_load~stimulus-390b7985e04730cddfd57cbac58c8105.js, line 2: Error: Request aborted
1651398746381	Marionette	INFO	Stopped listening on port 62343

###!!! [Parent][PGPUParent] Error: RunMessage(msgname=PGPU::Msg_ShutdownVR) Channel closing: too late to send/recv, messages will be lost

1651399092329	geckodriver	INFO	Listening on 127.0.0.1:57052
1651399095452	mozrunner::runner	INFO	Running command: "C:\\Program Files\\Mozilla Firefox\\firefox.exe" "--marionette" "-no-remote" "-profile" "C:\\Users\\AZNAVO~1.K\\AppData\\Local\\Temp\\rust_mozprofilep8UPR8"
1651399095716	Marionette	INFO	Marionette enabled
console.warn: SearchSettings: "get: No settings file exists, new profile?" (new NotFoundError("Could not open the file at C:\\Users\\AZNAVO~1.K\\AppData\\Local\\Temp\\rust_mozprofilep8UPR8\\search.json.mozlz4", (void 0)))
1651399097398	Marionette	INFO	Listening on port 57075
Read port: 57075
1651399097431	RemoteAgent	WARN	TLS certificate errors will be ignored for this session
console.warn: LoginRecipes: "getRecipes: falling back to a synchronous message for:" "https://www.skroutz.gr"
JavaScript error: https://www.skroutz.gr/assets/webpack/vendors~skr_load~stimulus-390b7985e04730cddfd57cbac58c8105.js, line 2: Error: Request aborted
JavaScript error: chrome://global/content/elements/browser-custom-element.js, line 1629: Error: permitUnload is already running for this tab.
JavaScript error: chrome://global/content/elements/browser-custom-element.js, line 1629: Error: permitUnload is already running for this tab.
JavaScript error: chrome://global/content/elements/browser-custom-element.js, line 1629: Error: permitUnload is already running for this tab.
JavaScript error: chrome://global/content/elements/browser-custom-element.js, line 1629: Error: permitUnload is already running for this tab.
JavaScript error: chrome://global/content/elements/browser-custom-element.js, line 1629: Error: permitUnload is already running for this tab.
JavaScript error: chrome://global/content/elements/browser-custom-element.js, line 1629: Error: permitUnload is already running for this tab.
JavaScript error: chrome://global/content/elements/browser-custom-element.js, line 1629: Error: permitUnload is already running for this tab.
JavaScript error: chrome://global/content/elements/browser-custom-element.js, line 1629: Error: permitUnload is already running for this tab.
JavaScript error: chrome://global/content/elements/browser-custom-element.js, line 1629: Error: permitUnload is already running for this tab.
JavaScript error: chrome://global/content/elements/browser-custom-element.js, line 1629: Error: permitUnload is already running for this tab.
JavaScript error: chrome://global/content/elements/browser-custom-element.js, line 1629: Error: permitUnload is already running for this tab.
JavaScript error: resource://devtools/client/inspector/shared/highlighters-overlay.js, line 215: TypeError: this.inspector.toolbox is null
JavaScript error: chrome://global/content/elements/browser-custom-element.js, line 1629: Error: permitUnload is already running for this tab.
JavaScript error: resource://gre/modules/AsyncShutdown.jsm, line 575: NotFoundError: No such JSWindowActor 'DevToolsFrame'
JavaScript error: resource://gre/modules/AsyncShutdown.jsm, line 575: NotFoundError: No such JSWindowActor 'DevToolsFrame'
JavaScript error: resource://gre/modules/AsyncShutdown.jsm, line 575: NotFoundError: No such JSWindowActor 'DevToolsFrame'
JavaScript error: resource://gre/modules/AsyncShutdown.jsm, line 575: NotFoundError: No such JSWindowActor 'DevToolsFrame'
JavaScript error: resource://gre/modules/AsyncShutdown.jsm, line 575: NotFoundError: No such JSWindowActor 'DevToolsFrame'
JavaScript error: resource://gre/modules/AsyncShutdown.jsm, line 575: NotFoundError: No such JSWindowActor 'DevToolsFrame'
WARNING: At least one completion condition is taking too long to complete. Conditions: [{"name":"SessionStore: flushing all windows","state":{"total":1,"current":0},"filename":"resource:///modules/sessionstore/SessionStore.jsm","lineNumber":2107,"stack":["resource:///modules/sessionstore/SessionStore.jsm:ssi_onQuitApplicationGranted:2107","resource:///modules/sessionstore/SessionStore.jsm:ssi_observe:1023","chrome://global/content/elements/browser-custom-element.js:permitUnload:1686","chrome://browser/content/browser.js:CanCloseWindow:8020","chrome://browser/content/browser.js:WindowIsClosing:8049","chrome://browser/content/browser.js:BrowserTryToCloseWindow:3024","chrome://browser/content/browser.xhtml:oncommand:1"]}] Barrier: quit-application-granted

###!!! [Parent][PContentParent] Error: RunMessage(msgname=PNecko::Msg_RemoveRequestContext) Channel error: cannot send/recv


###!!! [Parent][PContentParent] Error: RunMessage(msgname=PNecko::Msg_RemoveRequestContext) Channel error: cannot send/recv


###!!! [Parent][PContentParent] Error: RunMessage(msgname=PContent::Msg_AccumulateChildHistograms) Channel error: cannot send/recv


###!!! [Parent][PContentParent] Error: RunMessage(msgname=PContent::Msg_RecordDiscardedData) Channel error: cannot send/recv


###!!! [Parent][PContentParent] Error: RunMessage(msgname=PContent::Msg_AccumulateChildHistograms) Channel error: cannot send/recv


###!!! [Parent][PContentParent] Error: RunMessage(msgname=PContent::Msg_RecordDiscardedData) Channel error: cannot send/recv


###!!! [Parent][PContentParent] Error: Send(msgname=PContent::Msg_AsyncMessage) Channel error: cannot send/recv


###!!! [Parent][PContentParent] Error: Send(msgname=PContent::Msg_AsyncMessage) Channel error: cannot send/recv

1651399384084	Marionette	INFO	Stopped listening on port 57075
JavaScript error: chrome://browser/content/browser.js, line 8026: uncaught exception: undefined

###!!! [Parent][PContentParent] Error: RunMessage(msgname=PContent::Reply_DiscardBrowsingContext) Channel error: cannot send/recv


###!!! [Parent][PContentParent] Error: Send(msgname=PContent::Msg_DiscardWindowContext) Channel error: cannot send/recv


###!!! [Parent][PContentParent] Error: Send(msgname=PContent::Msg_SuspendInputEventQueue) Channel error: cannot send/recv


###!!! [Parent][PContentParent] Error: Send(msgname=PContent::Msg_FlushInputEventQueue) Channel error: cannot send/recv


###!!! [Parent][PContentParent] Error: Send(msgname=PContent::Msg_ResumeInputEventQueue) Channel error: cannot send/recv


###!!! [Parent][PContentParent] Error: Send(msgname=PContent::Msg_ShutdownConfirmedHP) Channel error: cannot send/recv


###!!! [Parent][PContentParent] Error: Send(msgname=PContent::Msg_Shutdown) Channel error: cannot send/recv


###!!! [Parent][PContentParent] Error: Send(msgname=PContent::Msg_SuspendInputEventQueue) Channel error: cannot send/recv


###!!! [Parent][PContentParent] Error: Send(msgname=PContent::Msg_FlushInputEventQueue) Channel error: cannot send/recv


###!!! [Parent][PContentParent] Error: Send(msgname=PContent::Msg_ResumeInputEventQueue) Channel error: cannot send/recv


###!!! [Parent][PContentParent] Error: Send(msgname=PContent::Msg_ShutdownConfirmedHP) Channel error: cannot send/recv


###!!! [Parent][PContentParent] Error: Send(msgname=PContent::Msg_Shutdown) Channel error: cannot send/recv


###!!! [Parent][PContentParent] Error: RunMessage(msgname=PHttpChannel::Msg___delete__) Channel error: cannot send/recv


###!!! [Parent][PContentParent] Error: Send(msgname=PContent::Msg_DestroyBrowsingContextGroup) Channel error: cannot send/recv


###!!! [Parent][PContentParent] Error: Send(msgname=PContent::Reply_DiscardBrowsingContext) Channel error: cannot send/recv

A content process crashed and MOZ_CRASHREPORTER_SHUTDOWN is set, shutting down
A content process crashed and MOZ_CRASHREPORTER_SHUTDOWN is set, shutting down

###!!! [Parent][PGPUParent] Error: RunMessage(msgname=PGPU::Msg_ShutdownVR) Channel closing: too late to send/recv, messages will be lost

